Unity Editor version:    2022.3.13f1 (5f90a5ebde0f)
Branch:                  2022.3/staging
Build type:              Release
Batch mode:              YES
macOS version:           Version 14.6.1 (Build 23G93)
Darwin version:          23.6.0
Architecture:            arm64
Running under Rosetta:   NO
Available memory:        16384 MB
Using pre-set license
Pro License: YES

COMMAND LINE ARGUMENTS:
/Applications/Unity/Hub/Editor/2022.3.13f1/Unity.app/Contents/MacOS/Unity
-adb2
-batchMode
-noUpm
-name
AssetImportWorker5
-projectPath
/Users/k22026kk/GitHab/14project/guitarist-multi/server
-logFile
Logs/AssetImportWorker5.log
-srvPort
57851
Successfully changed project path to: /Users/k22026kk/GitHab/14project/guitarist-multi/server
/Users/k22026kk/GitHab/14project/guitarist-multi/server
[UnityMemory] Configuration Parameters - Can be set up in boot.config
    "memorysetup-bucket-allocator-granularity=16"
    "memorysetup-bucket-allocator-bucket-count=8"
    "memorysetup-bucket-allocator-block-size=33554432"
    "memorysetup-bucket-allocator-block-count=8"
    "memorysetup-main-allocator-block-size=16777216"
    "memorysetup-thread-allocator-block-size=16777216"
    "memorysetup-gfx-main-allocator-block-size=16777216"
    "memorysetup-gfx-thread-allocator-block-size=16777216"
    "memorysetup-cache-allocator-block-size=4194304"
    "memorysetup-typetree-allocator-block-size=2097152"
    "memorysetup-profiler-bucket-allocator-granularity=16"
    "memorysetup-profiler-bucket-allocator-bucket-count=8"
    "memorysetup-profiler-bucket-allocator-block-size=33554432"
    "memorysetup-profiler-bucket-allocator-block-count=8"
    "memorysetup-profiler-allocator-block-size=16777216"
    "memorysetup-profiler-editor-allocator-block-size=1048576"
    "memorysetup-temp-allocator-size-main=16777216"
    "memorysetup-job-temp-allocator-block-size=2097152"
    "memorysetup-job-temp-allocator-block-size-background=1048576"
    "memorysetup-job-temp-allocator-reduction-small-platforms=262144"
    "memorysetup-allocator-temp-initial-block-size-main=262144"
    "memorysetup-allocator-temp-initial-block-size-worker=262144"
    "memorysetup-temp-allocator-size-background-worker=32768"
    "memorysetup-temp-allocator-size-job-worker=262144"
    "memorysetup-temp-allocator-size-preload-manager=33554432"
    "memorysetup-temp-allocator-size-nav-mesh-worker=65536"
    "memorysetup-temp-allocator-size-audio-worker=65536"
    "memorysetup-temp-allocator-size-cloud-worker=32768"
    "memorysetup-temp-allocator-size-gi-baking-worker=262144"
    "memorysetup-temp-allocator-size-gfx=262144"
Player connection [8579469120] Host "[IP] 10.14.0.13 [Port] 0 [Flags] 2 [Guid] 1933906469 [EditorId] 1933906469 [Version] 1048832 [Id] OSXEditor(0,k22026kknoMacBook-Air.local) [Debug] 1 [PackageName] OSXEditor [ProjectName] Editor" joined multi-casting on [225.0.0.222:54997]...

Player connection [8579469120] Host "[IP] 10.14.0.13 [Port] 0 [Flags] 2 [Guid] 1933906469 [EditorId] 1933906469 [Version] 1048832 [Id] OSXEditor(0,k22026kknoMacBook-Air.local) [Debug] 1 [PackageName] OSXEditor [ProjectName] Editor" joined alternative multi-casting on [225.0.0.222:34997]...

[Physics::Module] Initialized MultithreadedJobDispatcher with 7 workers.
Refreshing native plugins compatible for Editor in 30.50 ms, found 2 plugins.
Preloading 0 native plugins for Editor in 0.00 ms.
Initialize engine version: 2022.3.13f1 (5f90a5ebde0f)
[Subsystems] Discovering subsystems at path /Applications/Unity/Hub/Editor/2022.3.13f1/Unity.app/Contents/Resources/UnitySubsystems
[Subsystems] Discovering subsystems at path /Users/k22026kk/GitHab/14project/guitarist-multi/server/Assets
GfxDevice: creating device client; threaded=0; jobified=0
 preferred device: Apple M1 (high power)
Metal devices available: 1
0: Apple M1 (high power)
Using device Apple M1 (high power)
Initializing Metal device caps: Apple M1
Initialize mono
Mono path[0] = '/Applications/Unity/Hub/Editor/2022.3.13f1/Unity.app/Contents/Managed'
Mono path[1] = '/Applications/Unity/Hub/Editor/2022.3.13f1/Unity.app/Contents/MonoBleedingEdge/lib/mono/unityjit-macos'
Mono config path = '/Applications/Unity/Hub/Editor/2022.3.13f1/Unity.app/Contents/MonoBleedingEdge/etc'
Using monoOptions --debugger-agent=transport=dt_socket,embedding=1,server=y,suspend=n,address=127.0.0.1:56360
Begin MonoManager ReloadAssembly
Registering precompiled unity dll's ...
Register platform support module: /Applications/Unity/Hub/Editor/2022.3.13f1/Unity.app/Contents/PlaybackEngines/MacStandaloneSupport/UnityEditor.OSXStandalone.Extensions.dll
Registered in 0.001604 seconds.
- Loaded All Assemblies, in  0.260 seconds
Native extension for OSXStandalone target not found
Mono: successfully reloaded assembly
- Finished resetting the current domain, in  0.164 seconds
Domain Reload Profiling: 424ms
	BeginReloadAssembly (68ms)
		ExecutionOrderSort (0ms)
		DisableScriptedObjects (0ms)
		BackupInstance (0ms)
		ReleaseScriptingObjects (0ms)
		CreateAndSetChildDomain (0ms)
	RebuildCommonClasses (32ms)
	RebuildNativeTypeToScriptingClass (8ms)
	initialDomainReloadingComplete (36ms)
	LoadAllAssembliesAndSetupDomain (116ms)
		LoadAssemblies (69ms)
		RebuildTransferFunctionScriptingTraits (0ms)
		AnalyzeDomain (114ms)
			TypeCache.Refresh (113ms)
				TypeCache.ScanAssembly (102ms)
			ScanForSourceGeneratedMonoScriptInfo (0ms)
			ResolveRequiredComponents (0ms)
	FinalizeReload (164ms)
		ReleaseScriptCaches (0ms)
		RebuildScriptCaches (0ms)
		SetupLoadedEditorAssemblies (124ms)
			LogAssemblyErrors (0ms)
			InitializePlatformSupportModulesInManaged (4ms)
			SetLoadedEditorAssemblies (5ms)
			RefreshPlugins (0ms)
			BeforeProcessingInitializeOnLoad (1ms)
			ProcessInitializeOnLoadAttributes (83ms)
			ProcessInitializeOnLoadMethodAttributes (31ms)
			AfterProcessingInitializeOnLoad (0ms)
			EditorAssembliesLoaded (0ms)
		ExecutionOrderSort2 (0ms)
		AwakeInstancesAfterBackupRestoration (0ms)
========================================================================
Worker process is ready to serve import requests
Script is not up to date after domain reload: guid(fb3c79e3c4c6f464bbec797ac18f4ade) path("Assets/Scripts/prtScript/MoveForward.cs") state(2)
Begin MonoManager ReloadAssembly
- Loaded All Assemblies, in  0.523 seconds
Refreshing native plugins compatible for Editor in 1.73 ms, found 2 plugins.
Native extension for OSXStandalone target not found
Package Manager log level set to [2]
[Package Manager] Server::EnsureServerProcessIsRunning -- launch failed, reason: Unity was launched with the -noUpm command-line argument
[Package Manager] UpmClient::Send -- Unable to send message (not connected to UPM process).
[Package Manager] Cannot connect to Unity Package Manager local server
Mono: successfully reloaded assembly
- Finished resetting the current domain, in  0.465 seconds
Domain Reload Profiling: 988ms
	BeginReloadAssembly (123ms)
		ExecutionOrderSort (0ms)
		DisableScriptedObjects (3ms)
		BackupInstance (0ms)
		ReleaseScriptingObjects (0ms)
		CreateAndSetChildDomain (30ms)
	RebuildCommonClasses (26ms)
	RebuildNativeTypeToScriptingClass (9ms)
	initialDomainReloadingComplete (25ms)
	LoadAllAssembliesAndSetupDomain (339ms)
		LoadAssemblies (268ms)
		RebuildTransferFunctionScriptingTraits (0ms)
		AnalyzeDomain (136ms)
			TypeCache.Refresh (124ms)
				TypeCache.ScanAssembly (103ms)
			ScanForSourceGeneratedMonoScriptInfo (8ms)
			ResolveRequiredComponents (3ms)
	FinalizeReload (465ms)
		ReleaseScriptCaches (0ms)
		RebuildScriptCaches (0ms)
		SetupLoadedEditorAssemblies (365ms)
			LogAssemblyErrors (0ms)
			InitializePlatformSupportModulesInManaged (2ms)
			SetLoadedEditorAssemblies (2ms)
			RefreshPlugins (0ms)
			BeforeProcessingInitializeOnLoad (33ms)
			ProcessInitializeOnLoadAttributes (314ms)
			ProcessInitializeOnLoadMethodAttributes (13ms)
			AfterProcessingInitializeOnLoad (1ms)
			EditorAssembliesLoaded (0ms)
		ExecutionOrderSort2 (0ms)
		AwakeInstancesAfterBackupRestoration (3ms)
Script is not up to date after domain reload: guid(fb3c79e3c4c6f464bbec797ac18f4ade) path("Assets/Scripts/prtScript/MoveForward.cs") state(2)
Launching external process: /Applications/Unity/Hub/Editor/2022.3.13f1/Unity.app/Contents/Tools/UnityShaderCompiler
Launched and connected shader compiler UnityShaderCompiler after 0.31 seconds
Refreshing native plugins compatible for Editor in 1.28 ms, found 2 plugins.
Preloading 0 native plugins for Editor in 0.00 ms.
Unloading 3199 Unused Serialized files (Serialized files now loaded: 0)
Unloading 33 unused Assets / (51.1 KB). Loaded Objects now: 3660.
Memory consumption went from 140.7 MB to 140.6 MB.
Total: 3.176917 ms (FindLiveObjects: 0.271084 ms CreateObjectMapping: 0.066791 ms MarkObjects: 2.733000 ms  DeleteObjects: 0.105084 ms)

AssetImportParameters requested are different than current active one (requested -> active):
  custom:container-demuxer-ogg: 62fdf1f143b41e24485cea50d1cbac27 -> 
  custom:video-decoder-ogg-theora: a1e56fd34408186e4bbccfd4996cb3dc -> 
  custom:CustomObjectIndexerAttribute: 756ad292c208cfabdd7b50bc23989ffe -> 
  custom:container-demuxer-webm: 4f35f7cbe854078d1ac9338744f61a02 -> 
  custom:scripting/monoscript/fileName/SendObjTransform.cs: 0e3fca235329c1639c1d4006ae86f779 -> 755829f68de3015b5bbd93b1b2d986b0
  custom:scripting/monoscript/fileName/Moveback.cs: 32cdd30752d9595104bae9fb3cd8024d -> a8e064667b9d69938f09f73e18f9b3d7
  custom:container-muxer-webm: aa71ff27fc2769a1b78a27578f13a17b -> 
  custom:video-decoder-webm-vp8: 9c59270c3fd7afecdb556c50c9e8de78 -> 
  custom:SearchIndexIgnoredProperties: e643bd26f0fe6173181afceb89e7c659 -> 
  custom:AudioImporter_EditorPlatform: 3918e3fc78b5a79bad01e8451be0beb8 -> 
  custom:framework-osx-AVFoundation: e770b220cccbd017edd2c1fefb359320 -> 
  custom:video-encoder-webm-vp8: eb34c28f22e8b96e1ab97ce403110664 -> 
  custom:audio-decoder-ogg-vorbis: bf7c407c2cedff20999df2af8eb42d56 -> 
  custom:audio-encoder-webm-vorbis: bf7c407c2cedff20999df2af8eb42d56 -> 
  custom:scripting/monoscript/fileName/MoveForward1.cs: c0d302b573511429c779f088cab64752 -> 1d74dd741be42055723f9f7d3dece7ed
========================================================================
Received Import Request.
  Time since last request: 298852.553831 seconds.
  path: 
  artifactKey: Guid(cd99dab27e9b3454a8511ea7ec15883f) Importer(815301076,1909f56bfc062723c751e8b465ee728b)
Start importing  using Guid(cd99dab27e9b3454a8511ea7ec15883f) Importer(815301076,1909f56bfc062723c751e8b465ee728b)  -> (artifact id: '00000000000000000000000000000000') in 0.000028 seconds
Import Error Code:(3)
Message: Unknown asset with GUID 'cd99dab27e9b3454a8511ea7ec15883f'
  ERROR: Unknown asset with GUID 'cd99dab27e9b3454a8511ea7ec15883f'
Number of updated asset objects reloaded before import = 0
Number of asset objects unloaded after import = 0
========================================================================
Received Import Request.
  Time since last request: 248.849200 seconds.
  path: Assets/tex/Materials
  artifactKey: Guid(ab8e2455a1ed44256b0ad96693f616bb) Importer(815301076,1909f56bfc062723c751e8b465ee728b)
Start importing Assets/tex/Materials using Guid(ab8e2455a1ed44256b0ad96693f616bb) Importer(815301076,1909f56bfc062723c751e8b465ee728b)  -> (artifact id: '00000000000000000000000000000000') in 0.006154 seconds
Import Error Code:(4)
Message: Build asset version error: assets/tex/materials.meta in SourceAssetDB has modification time of '2024-10-31T02:52:55Z' while content on disk has modification time of '2024-11-25T06:32:09Z'
  ERROR: Build asset version error: assets/tex/materials.meta in SourceAssetDB has modification time of '2024-10-31T02:52:55Z' while content on disk has modification time of '2024-11-25T06:32:09Z'
Number of updated asset objects reloaded before import = 0
Number of asset objects unloaded after import = 0
========================================================================
Received Import Request.
  Time since last request: 0.001780 seconds.
  path: Assets/tex/Materials
  artifactKey: Guid(ab8e2455a1ed44256b0ad96693f616bb) Importer(815301076,1909f56bfc062723c751e8b465ee728b)
Start importing Assets/tex/Materials using Guid(ab8e2455a1ed44256b0ad96693f616bb) Importer(815301076,1909f56bfc062723c751e8b465ee728b)  -> (artifact id: '00000000000000000000000000000000') in 0.000284 seconds
Import Error Code:(4)
Message: Build asset version error: assets/tex/materials.meta in SourceAssetDB has modification time of '2024-10-31T02:52:55Z' while content on disk has modification time of '2024-11-25T06:32:09Z'
  ERROR: Build asset version error: assets/tex/materials.meta in SourceAssetDB has modification time of '2024-10-31T02:52:55Z' while content on disk has modification time of '2024-11-25T06:32:09Z'
Number of updated asset objects reloaded before import = 0
Number of asset objects unloaded after import = 0
========================================================================
Received Import Request.
  Time since last request: 0.011953 seconds.
  path: Assets/tex/Materials
  artifactKey: Guid(ab8e2455a1ed44256b0ad96693f616bb) Importer(815301076,1909f56bfc062723c751e8b465ee728b)
Start importing Assets/tex/Materials using Guid(ab8e2455a1ed44256b0ad96693f616bb) Importer(815301076,1909f56bfc062723c751e8b465ee728b)  -> (artifact id: '00000000000000000000000000000000') in 0.000250 seconds
Import Error Code:(4)
Message: Build asset version error: assets/tex/materials.meta in SourceAssetDB has modification time of '2024-10-31T02:52:55Z' while content on disk has modification time of '2024-11-25T06:32:09Z'
  ERROR: Build asset version error: assets/tex/materials.meta in SourceAssetDB has modification time of '2024-10-31T02:52:55Z' while content on disk has modification time of '2024-11-25T06:32:09Z'
Number of updated asset objects reloaded before import = 0
Number of asset objects unloaded after import = 0
========================================================================
Received Import Request.
  Time since last request: 0.012792 seconds.
  path: Assets/tex/Materials
  artifactKey: Guid(ab8e2455a1ed44256b0ad96693f616bb) Importer(815301076,1909f56bfc062723c751e8b465ee728b)
Start importing Assets/tex/Materials using Guid(ab8e2455a1ed44256b0ad96693f616bb) Importer(815301076,1909f56bfc062723c751e8b465ee728b)  -> (artifact id: '00000000000000000000000000000000') in 0.000235 seconds
Import Error Code:(4)
Message: Build asset version error: assets/tex/materials.meta in SourceAssetDB has modification time of '2024-10-31T02:52:55Z' while content on disk has modification time of '2024-11-25T06:32:09Z'
  ERROR: Build asset version error: assets/tex/materials.meta in SourceAssetDB has modification time of '2024-10-31T02:52:55Z' while content on disk has modification time of '2024-11-25T06:32:09Z'
Number of updated asset objects reloaded before import = 0
Number of asset objects unloaded after import = 0
========================================================================
Received Import Request.
  Time since last request: 0.012500 seconds.
  path: Assets/tex/Materials
  artifactKey: Guid(ab8e2455a1ed44256b0ad96693f616bb) Importer(815301076,1909f56bfc062723c751e8b465ee728b)
Start importing Assets/tex/Materials using Guid(ab8e2455a1ed44256b0ad96693f616bb) Importer(815301076,1909f56bfc062723c751e8b465ee728b)  -> (artifact id: '00000000000000000000000000000000') in 0.000237 seconds
Import Error Code:(4)
Message: Build asset version error: assets/tex/materials.meta in SourceAssetDB has modification time of '2024-10-31T02:52:55Z' while content on disk has modification time of '2024-11-25T06:32:09Z'
  ERROR: Build asset version error: assets/tex/materials.meta in SourceAssetDB has modification time of '2024-10-31T02:52:55Z' while content on disk has modification time of '2024-11-25T06:32:09Z'
Number of updated asset objects reloaded before import = 0
Number of asset objects unloaded after import = 0
========================================================================
Received Import Request.
  Time since last request: 0.012633 seconds.
  path: Assets/tex/Materials
  artifactKey: Guid(ab8e2455a1ed44256b0ad96693f616bb) Importer(815301076,1909f56bfc062723c751e8b465ee728b)
Start importing Assets/tex/Materials using Guid(ab8e2455a1ed44256b0ad96693f616bb) Importer(815301076,1909f56bfc062723c751e8b465ee728b)  -> (artifact id: '00000000000000000000000000000000') in 0.000246 seconds
Import Error Code:(4)
Message: Build asset version error: assets/tex/materials.meta in SourceAssetDB has modification time of '2024-10-31T02:52:55Z' while content on disk has modification time of '2024-11-25T06:32:09Z'
  ERROR: Build asset version error: assets/tex/materials.meta in SourceAssetDB has modification time of '2024-10-31T02:52:55Z' while content on disk has modification time of '2024-11-25T06:32:09Z'
Number of updated asset objects reloaded before import = 0
Number of asset objects unloaded after import = 0
========================================================================
Received Import Request.
  Time since last request: 0.012724 seconds.
  path: Assets/tex/Materials
  artifactKey: Guid(ab8e2455a1ed44256b0ad96693f616bb) Importer(815301076,1909f56bfc062723c751e8b465ee728b)
Start importing Assets/tex/Materials using Guid(ab8e2455a1ed44256b0ad96693f616bb) Importer(815301076,1909f56bfc062723c751e8b465ee728b)  -> (artifact id: '00000000000000000000000000000000') in 0.000257 seconds
Import Error Code:(4)
Message: Build asset version error: assets/tex/materials.meta in SourceAssetDB has modification time of '2024-10-31T02:52:55Z' while content on disk has modification time of '2024-11-25T06:32:09Z'
  ERROR: Build asset version error: assets/tex/materials.meta in SourceAssetDB has modification time of '2024-10-31T02:52:55Z' while content on disk has modification time of '2024-11-25T06:32:09Z'
Number of updated asset objects reloaded before import = 0
Number of asset objects unloaded after import = 0
========================================================================
Received Import Request.
  Time since last request: 0.010818 seconds.
  path: Assets/tex/Materials
  artifactKey: Guid(ab8e2455a1ed44256b0ad96693f616bb) Importer(815301076,1909f56bfc062723c751e8b465ee728b)
Start importing Assets/tex/Materials using Guid(ab8e2455a1ed44256b0ad96693f616bb) Importer(815301076,1909f56bfc062723c751e8b465ee728b)  -> (artifact id: '00000000000000000000000000000000') in 0.000251 seconds
Import Error Code:(4)
Message: Build asset version error: assets/tex/materials.meta in SourceAssetDB has modification time of '2024-10-31T02:52:55Z' while content on disk has modification time of '2024-11-25T06:32:09Z'
  ERROR: Build asset version error: assets/tex/materials.meta in SourceAssetDB has modification time of '2024-10-31T02:52:55Z' while content on disk has modification time of '2024-11-25T06:32:09Z'
Number of updated asset objects reloaded before import = 0
Number of asset objects unloaded after import = 0
========================================================================
Received Import Request.
  Time since last request: 0.011873 seconds.
  path: Assets/tex/Materials
  artifactKey: Guid(ab8e2455a1ed44256b0ad96693f616bb) Importer(815301076,1909f56bfc062723c751e8b465ee728b)
Start importing Assets/tex/Materials using Guid(ab8e2455a1ed44256b0ad96693f616bb) Importer(815301076,1909f56bfc062723c751e8b465ee728b)  -> (artifact id: '00000000000000000000000000000000') in 0.000258 seconds
Import Error Code:(4)
Message: Build asset version error: assets/tex/materials.meta in SourceAssetDB has modification time of '2024-10-31T02:52:55Z' while content on disk has modification time of '2024-11-25T06:32:09Z'
  ERROR: Build asset version error: assets/tex/materials.meta in SourceAssetDB has modification time of '2024-10-31T02:52:55Z' while content on disk has modification time of '2024-11-25T06:32:09Z'
Number of updated asset objects reloaded before import = 0
Number of asset objects unloaded after import = 0
========================================================================
Received Import Request.
  Time since last request: 0.011584 seconds.
  path: Assets/tex/Materials
  artifactKey: Guid(ab8e2455a1ed44256b0ad96693f616bb) Importer(815301076,1909f56bfc062723c751e8b465ee728b)
Start importing Assets/tex/Materials using Guid(ab8e2455a1ed44256b0ad96693f616bb) Importer(815301076,1909f56bfc062723c751e8b465ee728b)  -> (artifact id: '00000000000000000000000000000000') in 0.000197 seconds
Import Error Code:(4)
Message: Build asset version error: assets/tex/materials.meta in SourceAssetDB has modification time of '2024-10-31T02:52:55Z' while content on disk has modification time of '2024-11-25T06:32:09Z'
  ERROR: Build asset version error: assets/tex/materials.meta in SourceAssetDB has modification time of '2024-10-31T02:52:55Z' while content on disk has modification time of '2024-11-25T06:32:09Z'
Number of updated asset objects reloaded before import = 0
Number of asset objects unloaded after import = 0
========================================================================
Received Import Request.
  Time since last request: 0.011579 seconds.
  path: Assets/tex/Materials
  artifactKey: Guid(ab8e2455a1ed44256b0ad96693f616bb) Importer(815301076,1909f56bfc062723c751e8b465ee728b)
Start importing Assets/tex/Materials using Guid(ab8e2455a1ed44256b0ad96693f616bb) Importer(815301076,1909f56bfc062723c751e8b465ee728b)  -> (artifact id: '00000000000000000000000000000000') in 0.000276 seconds
Import Error Code:(4)
Message: Build asset version error: assets/tex/materials.meta in SourceAssetDB has modification time of '2024-10-31T02:52:55Z' while content on disk has modification time of '2024-11-25T06:32:09Z'
  ERROR: Build asset version error: assets/tex/materials.meta in SourceAssetDB has modification time of '2024-10-31T02:52:55Z' while content on disk has modification time of '2024-11-25T06:32:09Z'
Number of updated asset objects reloaded before import = 0
Number of asset objects unloaded after import = 0
========================================================================
Received Import Request.
  Time since last request: 0.011321 seconds.
  path: Assets/tex/Materials
  artifactKey: Guid(ab8e2455a1ed44256b0ad96693f616bb) Importer(815301076,1909f56bfc062723c751e8b465ee728b)
Start importing Assets/tex/Materials using Guid(ab8e2455a1ed44256b0ad96693f616bb) Importer(815301076,1909f56bfc062723c751e8b465ee728b)  -> (artifact id: '00000000000000000000000000000000') in 0.000246 seconds
Import Error Code:(4)
Message: Build asset version error: assets/tex/materials.meta in SourceAssetDB has modification time of '2024-10-31T02:52:55Z' while content on disk has modification time of '2024-11-25T06:32:09Z'
  ERROR: Build asset version error: assets/tex/materials.meta in SourceAssetDB has modification time of '2024-10-31T02:52:55Z' while content on disk has modification time of '2024-11-25T06:32:09Z'
Number of updated asset objects reloaded before import = 0
Number of asset objects unloaded after import = 0
========================================================================
Received Import Request.
  Time since last request: 0.012041 seconds.
  path: Assets/tex/Materials
  artifactKey: Guid(ab8e2455a1ed44256b0ad96693f616bb) Importer(815301076,1909f56bfc062723c751e8b465ee728b)
Start importing Assets/tex/Materials using Guid(ab8e2455a1ed44256b0ad96693f616bb) Importer(815301076,1909f56bfc062723c751e8b465ee728b)  -> (artifact id: '00000000000000000000000000000000') in 0.000227 seconds
Import Error Code:(4)
Message: Build asset version error: assets/tex/materials.meta in SourceAssetDB has modification time of '2024-10-31T02:52:55Z' while content on disk has modification time of '2024-11-25T06:32:09Z'
  ERROR: Build asset version error: assets/tex/materials.meta in SourceAssetDB has modification time of '2024-10-31T02:52:55Z' while content on disk has modification time of '2024-11-25T06:32:09Z'
Number of updated asset objects reloaded before import = 0
Number of asset objects unloaded after import = 0
========================================================================
Received Import Request.
  Time since last request: 178.661167 seconds.
  path: Assets/JMO Assets/Cartoon FX Remaster
  artifactKey: Guid(b56551e9e3ab84e4180b7b30c06ff232) Importer(815301076,1909f56bfc062723c751e8b465ee728b)
Start importing Assets/JMO Assets/Cartoon FX Remaster using Guid(b56551e9e3ab84e4180b7b30c06ff232) Importer(815301076,1909f56bfc062723c751e8b465ee728b)  -> (artifact id: '00000000000000000000000000000000') in 0.001904 seconds
Import Error Code:(4)
Message: Build asset version error: assets/jmo assets/cartoon fx remaster.meta in SourceAssetDB has modification time of '2024-09-18T11:38:41Z' while content on disk has modification time of '2024-11-25T06:32:09Z'
  ERROR: Build asset version error: assets/jmo assets/cartoon fx remaster.meta in SourceAssetDB has modification time of '2024-09-18T11:38:41Z' while content on disk has modification time of '2024-11-25T06:32:09Z'
Number of updated asset objects reloaded before import = 0
Number of asset objects unloaded after import = 0
========================================================================
Received Import Request.
  Time since last request: 3.777326 seconds.
  path: Assets/JMO Assets/Cartoon FX Remaster
  artifactKey: Guid(b56551e9e3ab84e4180b7b30c06ff232) Importer(815301076,1909f56bfc062723c751e8b465ee728b)
Start importing Assets/JMO Assets/Cartoon FX Remaster using Guid(b56551e9e3ab84e4180b7b30c06ff232) Importer(815301076,1909f56bfc062723c751e8b465ee728b)  -> (artifact id: '00000000000000000000000000000000') in 0.000453 seconds
Import Error Code:(4)
Message: Build asset version error: assets/jmo assets/cartoon fx remaster.meta in SourceAssetDB has modification time of '2024-09-18T11:38:41Z' while content on disk has modification time of '2024-11-25T06:32:09Z'
  ERROR: Build asset version error: assets/jmo assets/cartoon fx remaster.meta in SourceAssetDB has modification time of '2024-09-18T11:38:41Z' while content on disk has modification time of '2024-11-25T06:32:09Z'
Number of updated asset objects reloaded before import = 0
Number of asset objects unloaded after import = 0
========================================================================
Received Import Request.
  Time since last request: 1.511793 seconds.
  path: Assets/JMO Assets/Cartoon FX Remaster
  artifactKey: Guid(b56551e9e3ab84e4180b7b30c06ff232) Importer(815301076,1909f56bfc062723c751e8b465ee728b)
Start importing Assets/JMO Assets/Cartoon FX Remaster using Guid(b56551e9e3ab84e4180b7b30c06ff232) Importer(815301076,1909f56bfc062723c751e8b465ee728b)  -> (artifact id: '00000000000000000000000000000000') in 0.000479 seconds
Import Error Code:(4)
Message: Build asset version error: assets/jmo assets/cartoon fx remaster.meta in SourceAssetDB has modification time of '2024-09-18T11:38:41Z' while content on disk has modification time of '2024-11-25T06:32:09Z'
  ERROR: Build asset version error: assets/jmo assets/cartoon fx remaster.meta in SourceAssetDB has modification time of '2024-09-18T11:38:41Z' while content on disk has modification time of '2024-11-25T06:32:09Z'
Number of updated asset objects reloaded before import = 0
Number of asset objects unloaded after import = 0
========================================================================
Received Import Request.
  Time since last request: 1.928272 seconds.
  path: Assets/JMO Assets/Cartoon FX Remaster
  artifactKey: Guid(b56551e9e3ab84e4180b7b30c06ff232) Importer(815301076,1909f56bfc062723c751e8b465ee728b)
Start importing Assets/JMO Assets/Cartoon FX Remaster using Guid(b56551e9e3ab84e4180b7b30c06ff232) Importer(815301076,1909f56bfc062723c751e8b465ee728b)  -> (artifact id: '00000000000000000000000000000000') in 0.000468 seconds
Import Error Code:(4)
Message: Build asset version error: assets/jmo assets/cartoon fx remaster.meta in SourceAssetDB has modification time of '2024-09-18T11:38:41Z' while content on disk has modification time of '2024-11-25T06:32:09Z'
  ERROR: Build asset version error: assets/jmo assets/cartoon fx remaster.meta in SourceAssetDB has modification time of '2024-09-18T11:38:41Z' while content on disk has modification time of '2024-11-25T06:32:09Z'
Number of updated asset objects reloaded before import = 0
Number of asset objects unloaded after import = 0
========================================================================
Received Import Request.
  Time since last request: 8.707027 seconds.
  path: Assets/JMO Assets/Cartoon FX Remaster
  artifactKey: Guid(b56551e9e3ab84e4180b7b30c06ff232) Importer(815301076,1909f56bfc062723c751e8b465ee728b)
Start importing Assets/JMO Assets/Cartoon FX Remaster using Guid(b56551e9e3ab84e4180b7b30c06ff232) Importer(815301076,1909f56bfc062723c751e8b465ee728b)  -> (artifact id: '00000000000000000000000000000000') in 0.000301 seconds
Import Error Code:(4)
Message: Build asset version error: assets/jmo assets/cartoon fx remaster.meta in SourceAssetDB has modification time of '2024-09-18T11:38:41Z' while content on disk has modification time of '2024-11-25T06:32:09Z'
  ERROR: Build asset version error: assets/jmo assets/cartoon fx remaster.meta in SourceAssetDB has modification time of '2024-09-18T11:38:41Z' while content on disk has modification time of '2024-11-25T06:32:09Z'
Number of updated asset objects reloaded before import = 0
Number of asset objects unloaded after import = 0
========================================================================
Received Import Request.
  Time since last request: 15.025068 seconds.
  path: Assets/JMO Assets/Cartoon FX Remaster
  artifactKey: Guid(b56551e9e3ab84e4180b7b30c06ff232) Importer(815301076,1909f56bfc062723c751e8b465ee728b)
Start importing Assets/JMO Assets/Cartoon FX Remaster using Guid(b56551e9e3ab84e4180b7b30c06ff232) Importer(815301076,1909f56bfc062723c751e8b465ee728b)  -> (artifact id: '00000000000000000000000000000000') in 0.000942 seconds
Import Error Code:(4)
Message: Build asset version error: assets/jmo assets/cartoon fx remaster.meta in SourceAssetDB has modification time of '2024-09-18T11:38:41Z' while content on disk has modification time of '2024-11-25T06:32:09Z'
  ERROR: Build asset version error: assets/jmo assets/cartoon fx remaster.meta in SourceAssetDB has modification time of '2024-09-18T11:38:41Z' while content on disk has modification time of '2024-11-25T06:32:09Z'
Number of updated asset objects reloaded before import = 0
Number of asset objects unloaded after import = 0
========================================================================
Received Import Request.
  Time since last request: 5.655842 seconds.
  path: Assets/JMO Assets/Cartoon FX Remaster
  artifactKey: Guid(b56551e9e3ab84e4180b7b30c06ff232) Importer(815301076,1909f56bfc062723c751e8b465ee728b)
Start importing Assets/JMO Assets/Cartoon FX Remaster using Guid(b56551e9e3ab84e4180b7b30c06ff232) Importer(815301076,1909f56bfc062723c751e8b465ee728b)  -> (artifact id: '00000000000000000000000000000000') in 0.000309 seconds
Import Error Code:(4)
Message: Build asset version error: assets/jmo assets/cartoon fx remaster.meta in SourceAssetDB has modification time of '2024-09-18T11:38:41Z' while content on disk has modification time of '2024-11-25T06:32:09Z'
  ERROR: Build asset version error: assets/jmo assets/cartoon fx remaster.meta in SourceAssetDB has modification time of '2024-09-18T11:38:41Z' while content on disk has modification time of '2024-11-25T06:32:09Z'
Number of updated asset objects reloaded before import = 0
Number of asset objects unloaded after import = 0
========================================================================
Received Import Request.
  Time since last request: 8.846089 seconds.
  path: Assets/JMO Assets/Cartoon FX Remaster
  artifactKey: Guid(b56551e9e3ab84e4180b7b30c06ff232) Importer(815301076,1909f56bfc062723c751e8b465ee728b)
Start importing Assets/JMO Assets/Cartoon FX Remaster using Guid(b56551e9e3ab84e4180b7b30c06ff232) Importer(815301076,1909f56bfc062723c751e8b465ee728b)  -> (artifact id: '00000000000000000000000000000000') in 0.001641 seconds
Import Error Code:(4)
Message: Build asset version error: assets/jmo assets/cartoon fx remaster.meta in SourceAssetDB has modification time of '2024-09-18T11:38:41Z' while content on disk has modification time of '2024-11-25T06:32:09Z'
  ERROR: Build asset version error: assets/jmo assets/cartoon fx remaster.meta in SourceAssetDB has modification time of '2024-09-18T11:38:41Z' while content on disk has modification time of '2024-11-25T06:32:09Z'
Number of updated asset objects reloaded before import = 0
Number of asset objects unloaded after import = 0
========================================================================
Received Import Request.
  Time since last request: 10.199533 seconds.
  path: Assets/JMO Assets/Cartoon FX Remaster
  artifactKey: Guid(b56551e9e3ab84e4180b7b30c06ff232) Importer(815301076,1909f56bfc062723c751e8b465ee728b)
Start importing Assets/JMO Assets/Cartoon FX Remaster using Guid(b56551e9e3ab84e4180b7b30c06ff232) Importer(815301076,1909f56bfc062723c751e8b465ee728b)  -> (artifact id: '00000000000000000000000000000000') in 0.000926 seconds
Import Error Code:(4)
Message: Build asset version error: assets/jmo assets/cartoon fx remaster.meta in SourceAssetDB has modification time of '2024-09-18T11:38:41Z' while content on disk has modification time of '2024-11-25T06:32:09Z'
  ERROR: Build asset version error: assets/jmo assets/cartoon fx remaster.meta in SourceAssetDB has modification time of '2024-09-18T11:38:41Z' while content on disk has modification time of '2024-11-25T06:32:09Z'
Number of updated asset objects reloaded before import = 0
Number of asset objects unloaded after import = 0
========================================================================
Received Prepare
Script is not up to date after domain reload: guid(fb3c79e3c4c6f464bbec797ac18f4ade) path("Assets/Scripts/prtScript/MoveForward.cs") state(2)
Begin MonoManager ReloadAssembly
Thread 0x17f333000 may have been prematurely finalized
- Loaded All Assemblies, in  0.514 seconds
Refreshing native plugins compatible for Editor in 1.27 ms, found 2 plugins.
Native extension for OSXStandalone target not found
[Package Manager] Server::EnsureServerProcessIsRunning -- launch failed, reason: Unity was launched with the -noUpm command-line argument
[Package Manager] UpmClient::Send -- Unable to send message (not connected to UPM process).
[Package Manager] Cannot connect to Unity Package Manager local server
Mono: successfully reloaded assembly
- Finished resetting the current domain, in  1.108 seconds
Domain Reload Profiling: 1623ms
	BeginReloadAssembly (174ms)
		ExecutionOrderSort (0ms)
		DisableScriptedObjects (3ms)
		BackupInstance (0ms)
		ReleaseScriptingObjects (0ms)
		CreateAndSetChildDomain (53ms)
	RebuildCommonClasses (27ms)
	RebuildNativeTypeToScriptingClass (9ms)
	initialDomainReloadingComplete (25ms)
	LoadAllAssembliesAndSetupDomain (279ms)
		LoadAssemblies (355ms)
		RebuildTransferFunctionScriptingTraits (0ms)
		AnalyzeDomain (14ms)
			TypeCache.Refresh (9ms)
				TypeCache.ScanAssembly (0ms)
			ScanForSourceGeneratedMonoScriptInfo (0ms)
			ResolveRequiredComponents (4ms)
	FinalizeReload (1109ms)
		ReleaseScriptCaches (0ms)
		RebuildScriptCaches (0ms)
		SetupLoadedEditorAssemblies (363ms)
			LogAssemblyErrors (0ms)
			InitializePlatformSupportModulesInManaged (3ms)
			SetLoadedEditorAssemblies (2ms)
			RefreshPlugins (0ms)
			BeforeProcessingInitializeOnLoad (38ms)
			ProcessInitializeOnLoadAttributes (307ms)
			ProcessInitializeOnLoadMethodAttributes (13ms)
			AfterProcessingInitializeOnLoad (1ms)
			EditorAssembliesLoaded (0ms)
		ExecutionOrderSort2 (0ms)
		AwakeInstancesAfterBackupRestoration (5ms)
Script is not up to date after domain reload: guid(fb3c79e3c4c6f464bbec797ac18f4ade) path("Assets/Scripts/prtScript/MoveForward.cs") state(2)
Refreshing native plugins compatible for Editor in 1.83 ms, found 2 plugins.
Preloading 0 native plugins for Editor in 0.00 ms.
Unloading 3173 Unused Serialized files (Serialized files now loaded: 0)
Unloading 23 unused Assets / (31.0 KB). Loaded Objects now: 3663.
Memory consumption went from 141.9 MB to 141.8 MB.
Total: 2.967667 ms (FindLiveObjects: 0.144958 ms CreateObjectMapping: 0.043584 ms MarkObjects: 2.713666 ms  DeleteObjects: 0.064792 ms)

Prepare: number of updated asset objects reloaded= 0
AssetImportParameters requested are different than current active one (requested -> active):
  custom:container-demuxer-ogg: 62fdf1f143b41e24485cea50d1cbac27 -> 
  custom:video-decoder-ogg-theora: a1e56fd34408186e4bbccfd4996cb3dc -> 
  custom:CustomObjectIndexerAttribute: 756ad292c208cfabdd7b50bc23989ffe -> 
  custom:container-demuxer-webm: 4f35f7cbe854078d1ac9338744f61a02 -> 
  custom:scripting/monoscript/fileName/SendObjTransform.cs: 0e3fca235329c1639c1d4006ae86f779 -> 755829f68de3015b5bbd93b1b2d986b0
  custom:scripting/monoscript/fileName/Moveback.cs: 32cdd30752d9595104bae9fb3cd8024d -> a8e064667b9d69938f09f73e18f9b3d7
  custom:container-muxer-webm: aa71ff27fc2769a1b78a27578f13a17b -> 
  custom:video-decoder-webm-vp8: 9c59270c3fd7afecdb556c50c9e8de78 -> 
  custom:SearchIndexIgnoredProperties: e643bd26f0fe6173181afceb89e7c659 -> 
  custom:AudioImporter_EditorPlatform: 3918e3fc78b5a79bad01e8451be0beb8 -> 
  custom:framework-osx-AVFoundation: e770b220cccbd017edd2c1fefb359320 -> 
  custom:video-encoder-webm-vp8: eb34c28f22e8b96e1ab97ce403110664 -> 
  custom:audio-decoder-ogg-vorbis: bf7c407c2cedff20999df2af8eb42d56 -> 
  custom:audio-encoder-webm-vorbis: bf7c407c2cedff20999df2af8eb42d56 -> 
  custom:scripting/monoscript/fileName/MoveForward1.cs: c0d302b573511429c779f088cab64752 -> 1d74dd741be42055723f9f7d3dece7ed
========================================================================
Received Import Request.
  Time since last request: 6.962597 seconds.
  path: Assets/JMO Assets/Cartoon FX Remaster
  artifactKey: Guid(b56551e9e3ab84e4180b7b30c06ff232) Importer(815301076,1909f56bfc062723c751e8b465ee728b)
Start importing Assets/JMO Assets/Cartoon FX Remaster using Guid(b56551e9e3ab84e4180b7b30c06ff232) Importer(815301076,1909f56bfc062723c751e8b465ee728b)  -> (artifact id: '00000000000000000000000000000000') in 0.001208 seconds
Import Error Code:(4)
Message: Build asset version error: assets/jmo assets/cartoon fx remaster.meta in SourceAssetDB has modification time of '2024-09-18T11:38:41Z' while content on disk has modification time of '2024-11-25T06:32:09Z'
  ERROR: Build asset version error: assets/jmo assets/cartoon fx remaster.meta in SourceAssetDB has modification time of '2024-09-18T11:38:41Z' while content on disk has modification time of '2024-11-25T06:32:09Z'
Number of updated asset objects reloaded before import = 0
Number of asset objects unloaded after import = 0
========================================================================
Received Import Request.
  Time since last request: 3.861316 seconds.
  path: Assets/JMO Assets/Cartoon FX Remaster
  artifactKey: Guid(b56551e9e3ab84e4180b7b30c06ff232) Importer(815301076,1909f56bfc062723c751e8b465ee728b)
Start importing Assets/JMO Assets/Cartoon FX Remaster using Guid(b56551e9e3ab84e4180b7b30c06ff232) Importer(815301076,1909f56bfc062723c751e8b465ee728b)  -> (artifact id: '00000000000000000000000000000000') in 0.000331 seconds
Import Error Code:(4)
Message: Build asset version error: assets/jmo assets/cartoon fx remaster.meta in SourceAssetDB has modification time of '2024-09-18T11:38:41Z' while content on disk has modification time of '2024-11-25T06:32:09Z'
  ERROR: Build asset version error: assets/jmo assets/cartoon fx remaster.meta in SourceAssetDB has modification time of '2024-09-18T11:38:41Z' while content on disk has modification time of '2024-11-25T06:32:09Z'
Number of updated asset objects reloaded before import = 0
Number of asset objects unloaded after import = 0
========================================================================
Received Import Request.
  Time since last request: 0.037671 seconds.
  path: Assets/JMO Assets/Cartoon FX Remaster
  artifactKey: Guid(b56551e9e3ab84e4180b7b30c06ff232) Importer(815301076,1909f56bfc062723c751e8b465ee728b)
Start importing Assets/JMO Assets/Cartoon FX Remaster using Guid(b56551e9e3ab84e4180b7b30c06ff232) Importer(815301076,1909f56bfc062723c751e8b465ee728b)  -> (artifact id: '00000000000000000000000000000000') in 0.000272 seconds
Import Error Code:(4)
Message: Build asset version error: assets/jmo assets/cartoon fx remaster.meta in SourceAssetDB has modification time of '2024-09-18T11:38:41Z' while content on disk has modification time of '2024-11-25T06:32:09Z'
  ERROR: Build asset version error: assets/jmo assets/cartoon fx remaster.meta in SourceAssetDB has modification time of '2024-09-18T11:38:41Z' while content on disk has modification time of '2024-11-25T06:32:09Z'
Number of updated asset objects reloaded before import = 0
Number of asset objects unloaded after import = 0
========================================================================
Received Import Request.
  Time since last request: 0.081788 seconds.
  path: Assets/JMO Assets/Cartoon FX Remaster
  artifactKey: Guid(b56551e9e3ab84e4180b7b30c06ff232) Importer(815301076,1909f56bfc062723c751e8b465ee728b)
Start importing Assets/JMO Assets/Cartoon FX Remaster using Guid(b56551e9e3ab84e4180b7b30c06ff232) Importer(815301076,1909f56bfc062723c751e8b465ee728b)  -> (artifact id: '00000000000000000000000000000000') in 0.000255 seconds
Import Error Code:(4)
Message: Build asset version error: assets/jmo assets/cartoon fx remaster.meta in SourceAssetDB has modification time of '2024-09-18T11:38:41Z' while content on disk has modification time of '2024-11-25T06:32:09Z'
  ERROR: Build asset version error: assets/jmo assets/cartoon fx remaster.meta in SourceAssetDB has modification time of '2024-09-18T11:38:41Z' while content on disk has modification time of '2024-11-25T06:32:09Z'
Number of updated asset objects reloaded before import = 0
Number of asset objects unloaded after import = 0
========================================================================
Received Import Request.
  Time since last request: 3.003706 seconds.
  path: Assets/JMO Assets/Cartoon FX Remaster
  artifactKey: Guid(b56551e9e3ab84e4180b7b30c06ff232) Importer(815301076,1909f56bfc062723c751e8b465ee728b)
Start importing Assets/JMO Assets/Cartoon FX Remaster using Guid(b56551e9e3ab84e4180b7b30c06ff232) Importer(815301076,1909f56bfc062723c751e8b465ee728b)  -> (artifact id: '00000000000000000000000000000000') in 0.002352 seconds
Import Error Code:(4)
Message: Build asset version error: assets/jmo assets/cartoon fx remaster.meta in SourceAssetDB has modification time of '2024-09-18T11:38:41Z' while content on disk has modification time of '2024-11-25T06:32:09Z'
  ERROR: Build asset version error: assets/jmo assets/cartoon fx remaster.meta in SourceAssetDB has modification time of '2024-09-18T11:38:41Z' while content on disk has modification time of '2024-11-25T06:32:09Z'
Number of updated asset objects reloaded before import = 0
Number of asset objects unloaded after import = 0
========================================================================
Received Import Request.
  Time since last request: 2.553331 seconds.
  path: Assets/JMO Assets/Cartoon FX Remaster
  artifactKey: Guid(b56551e9e3ab84e4180b7b30c06ff232) Importer(815301076,1909f56bfc062723c751e8b465ee728b)
Start importing Assets/JMO Assets/Cartoon FX Remaster using Guid(b56551e9e3ab84e4180b7b30c06ff232) Importer(815301076,1909f56bfc062723c751e8b465ee728b)  -> (artifact id: '00000000000000000000000000000000') in 0.000563 seconds
Import Error Code:(4)
Message: Build asset version error: assets/jmo assets/cartoon fx remaster.meta in SourceAssetDB has modification time of '2024-09-18T11:38:41Z' while content on disk has modification time of '2024-11-25T06:32:09Z'
  ERROR: Build asset version error: assets/jmo assets/cartoon fx remaster.meta in SourceAssetDB has modification time of '2024-09-18T11:38:41Z' while content on disk has modification time of '2024-11-25T06:32:09Z'
Number of updated asset objects reloaded before import = 0
Number of asset objects unloaded after import = 0
========================================================================
Received Import Request.
  Time since last request: 0.034899 seconds.
  path: Assets/JMO Assets/Cartoon FX Remaster
  artifactKey: Guid(b56551e9e3ab84e4180b7b30c06ff232) Importer(815301076,1909f56bfc062723c751e8b465ee728b)
Start importing Assets/JMO Assets/Cartoon FX Remaster using Guid(b56551e9e3ab84e4180b7b30c06ff232) Importer(815301076,1909f56bfc062723c751e8b465ee728b)  -> (artifact id: '00000000000000000000000000000000') in 0.000719 seconds
Import Error Code:(4)
Message: Build asset version error: assets/jmo assets/cartoon fx remaster.meta in SourceAssetDB has modification time of '2024-09-18T11:38:41Z' while content on disk has modification time of '2024-11-25T06:32:09Z'
  ERROR: Build asset version error: assets/jmo assets/cartoon fx remaster.meta in SourceAssetDB has modification time of '2024-09-18T11:38:41Z' while content on disk has modification time of '2024-11-25T06:32:09Z'
Number of updated asset objects reloaded before import = 0
Number of asset objects unloaded after import = 0
========================================================================
Received Import Request.
  Time since last request: 15.033034 seconds.
  path: Assets/JMO Assets/Cartoon FX Remaster
  artifactKey: Guid(b56551e9e3ab84e4180b7b30c06ff232) Importer(815301076,1909f56bfc062723c751e8b465ee728b)
Start importing Assets/JMO Assets/Cartoon FX Remaster using Guid(b56551e9e3ab84e4180b7b30c06ff232) Importer(815301076,1909f56bfc062723c751e8b465ee728b)  -> (artifact id: '00000000000000000000000000000000') in 0.000287 seconds
Import Error Code:(4)
Message: Build asset version error: assets/jmo assets/cartoon fx remaster.meta in SourceAssetDB has modification time of '2024-09-18T11:38:41Z' while content on disk has modification time of '2024-11-25T06:32:09Z'
  ERROR: Build asset version error: assets/jmo assets/cartoon fx remaster.meta in SourceAssetDB has modification time of '2024-09-18T11:38:41Z' while content on disk has modification time of '2024-11-25T06:32:09Z'
Number of updated asset objects reloaded before import = 0
Number of asset objects unloaded after import = 0
========================================================================
Received Import Request.
  Time since last request: 17.861970 seconds.
  path: Assets/JMO Assets/Cartoon FX Remaster
  artifactKey: Guid(b56551e9e3ab84e4180b7b30c06ff232) Importer(815301076,1909f56bfc062723c751e8b465ee728b)
Start importing Assets/JMO Assets/Cartoon FX Remaster using Guid(b56551e9e3ab84e4180b7b30c06ff232) Importer(815301076,1909f56bfc062723c751e8b465ee728b)  -> (artifact id: '00000000000000000000000000000000') in 0.000466 seconds
Import Error Code:(4)
Message: Build asset version error: assets/jmo assets/cartoon fx remaster.meta in SourceAssetDB has modification time of '2024-09-18T11:38:41Z' while content on disk has modification time of '2024-11-25T06:32:09Z'
  ERROR: Build asset version error: assets/jmo assets/cartoon fx remaster.meta in SourceAssetDB has modification time of '2024-09-18T11:38:41Z' while content on disk has modification time of '2024-11-25T06:32:09Z'
Number of updated asset objects reloaded before import = 0
Number of asset objects unloaded after import = 0
========================================================================
Received Import Request.
  Time since last request: 0.596723 seconds.
  path: Assets/JMO Assets/Cartoon FX Remaster
  artifactKey: Guid(b56551e9e3ab84e4180b7b30c06ff232) Importer(815301076,1909f56bfc062723c751e8b465ee728b)
Start importing Assets/JMO Assets/Cartoon FX Remaster using Guid(b56551e9e3ab84e4180b7b30c06ff232) Importer(815301076,1909f56bfc062723c751e8b465ee728b)  -> (artifact id: '00000000000000000000000000000000') in 0.000351 seconds
Import Error Code:(4)
Message: Build asset version error: assets/jmo assets/cartoon fx remaster.meta in SourceAssetDB has modification time of '2024-09-18T11:38:41Z' while content on disk has modification time of '2024-11-25T06:32:09Z'
  ERROR: Build asset version error: assets/jmo assets/cartoon fx remaster.meta in SourceAssetDB has modification time of '2024-09-18T11:38:41Z' while content on disk has modification time of '2024-11-25T06:32:09Z'
Number of updated asset objects reloaded before import = 0
Number of asset objects unloaded after import = 0
========================================================================
Received Import Request.
  Time since last request: 0.314322 seconds.
  path: Assets/JMO Assets/Cartoon FX Remaster
  artifactKey: Guid(b56551e9e3ab84e4180b7b30c06ff232) Importer(815301076,1909f56bfc062723c751e8b465ee728b)
Start importing Assets/JMO Assets/Cartoon FX Remaster using Guid(b56551e9e3ab84e4180b7b30c06ff232) Importer(815301076,1909f56bfc062723c751e8b465ee728b)  -> (artifact id: '00000000000000000000000000000000') in 0.000339 seconds
Import Error Code:(4)
Message: Build asset version error: assets/jmo assets/cartoon fx remaster.meta in SourceAssetDB has modification time of '2024-09-18T11:38:41Z' while content on disk has modification time of '2024-11-25T06:32:09Z'
  ERROR: Build asset version error: assets/jmo assets/cartoon fx remaster.meta in SourceAssetDB has modification time of '2024-09-18T11:38:41Z' while content on disk has modification time of '2024-11-25T06:32:09Z'
Number of updated asset objects reloaded before import = 0
Number of asset objects unloaded after import = 0
========================================================================
Received Import Request.
  Time since last request: 1.132049 seconds.
  path: Assets/JMO Assets/Cartoon FX Remaster
  artifactKey: Guid(b56551e9e3ab84e4180b7b30c06ff232) Importer(815301076,1909f56bfc062723c751e8b465ee728b)
Start importing Assets/JMO Assets/Cartoon FX Remaster using Guid(b56551e9e3ab84e4180b7b30c06ff232) Importer(815301076,1909f56bfc062723c751e8b465ee728b)  -> (artifact id: '00000000000000000000000000000000') in 0.000262 seconds
Import Error Code:(4)
Message: Build asset version error: assets/jmo assets/cartoon fx remaster.meta in SourceAssetDB has modification time of '2024-09-18T11:38:41Z' while content on disk has modification time of '2024-11-25T06:32:09Z'
  ERROR: Build asset version error: assets/jmo assets/cartoon fx remaster.meta in SourceAssetDB has modification time of '2024-09-18T11:38:41Z' while content on disk has modification time of '2024-11-25T06:32:09Z'
Number of updated asset objects reloaded before import = 0
Number of asset objects unloaded after import = 0
========================================================================
Received Import Request.
  Time since last request: 0.056058 seconds.
  path: Assets/JMO Assets/Cartoon FX Remaster
  artifactKey: Guid(b56551e9e3ab84e4180b7b30c06ff232) Importer(815301076,1909f56bfc062723c751e8b465ee728b)
Start importing Assets/JMO Assets/Cartoon FX Remaster using Guid(b56551e9e3ab84e4180b7b30c06ff232) Importer(815301076,1909f56bfc062723c751e8b465ee728b)  -> (artifact id: '00000000000000000000000000000000') in 0.000302 seconds
Import Error Code:(4)
Message: Build asset version error: assets/jmo assets/cartoon fx remaster.meta in SourceAssetDB has modification time of '2024-09-18T11:38:41Z' while content on disk has modification time of '2024-11-25T06:32:09Z'
  ERROR: Build asset version error: assets/jmo assets/cartoon fx remaster.meta in SourceAssetDB has modification time of '2024-09-18T11:38:41Z' while content on disk has modification time of '2024-11-25T06:32:09Z'
Number of updated asset objects reloaded before import = 0
Number of asset objects unloaded after import = 0
========================================================================
Received Import Request.
  Time since last request: 3.629395 seconds.
  path: Assets/JMO Assets/Cartoon FX Remaster
  artifactKey: Guid(b56551e9e3ab84e4180b7b30c06ff232) Importer(815301076,1909f56bfc062723c751e8b465ee728b)
Start importing Assets/JMO Assets/Cartoon FX Remaster using Guid(b56551e9e3ab84e4180b7b30c06ff232) Importer(815301076,1909f56bfc062723c751e8b465ee728b)  -> (artifact id: '00000000000000000000000000000000') in 0.000344 seconds
Import Error Code:(4)
Message: Build asset version error: assets/jmo assets/cartoon fx remaster.meta in SourceAssetDB has modification time of '2024-09-18T11:38:41Z' while content on disk has modification time of '2024-11-25T06:32:09Z'
  ERROR: Build asset version error: assets/jmo assets/cartoon fx remaster.meta in SourceAssetDB has modification time of '2024-09-18T11:38:41Z' while content on disk has modification time of '2024-11-25T06:32:09Z'
Number of updated asset objects reloaded before import = 0
Number of asset objects unloaded after import = 0
========================================================================
Received Import Request.
  Time since last request: 0.039108 seconds.
  path: Assets/JMO Assets/Cartoon FX Remaster
  artifactKey: Guid(b56551e9e3ab84e4180b7b30c06ff232) Importer(815301076,1909f56bfc062723c751e8b465ee728b)
Start importing Assets/JMO Assets/Cartoon FX Remaster using Guid(b56551e9e3ab84e4180b7b30c06ff232) Importer(815301076,1909f56bfc062723c751e8b465ee728b)  -> (artifact id: '00000000000000000000000000000000') in 0.000339 seconds
Import Error Code:(4)
Message: Build asset version error: assets/jmo assets/cartoon fx remaster.meta in SourceAssetDB has modification time of '2024-09-18T11:38:41Z' while content on disk has modification time of '2024-11-25T06:32:09Z'
  ERROR: Build asset version error: assets/jmo assets/cartoon fx remaster.meta in SourceAssetDB has modification time of '2024-09-18T11:38:41Z' while content on disk has modification time of '2024-11-25T06:32:09Z'
Number of updated asset objects reloaded before import = 0
Number of asset objects unloaded after import = 0
========================================================================
Received Import Request.
  Time since last request: 3.415708 seconds.
  path: Assets/JMO Assets/Cartoon FX Remaster
  artifactKey: Guid(b56551e9e3ab84e4180b7b30c06ff232) Importer(815301076,1909f56bfc062723c751e8b465ee728b)
Start importing Assets/JMO Assets/Cartoon FX Remaster using Guid(b56551e9e3ab84e4180b7b30c06ff232) Importer(815301076,1909f56bfc062723c751e8b465ee728b)  -> (artifact id: '00000000000000000000000000000000') in 0.000573 seconds
Import Error Code:(4)
Message: Build asset version error: assets/jmo assets/cartoon fx remaster.meta in SourceAssetDB has modification time of '2024-09-18T11:38:41Z' while content on disk has modification time of '2024-11-25T06:32:09Z'
  ERROR: Build asset version error: assets/jmo assets/cartoon fx remaster.meta in SourceAssetDB has modification time of '2024-09-18T11:38:41Z' while content on disk has modification time of '2024-11-25T06:32:09Z'
Number of updated asset objects reloaded before import = 0
Number of asset objects unloaded after import = 0
========================================================================
Received Import Request.
  Time since last request: 2.007736 seconds.
  path: Assets/JMO Assets/Cartoon FX Remaster
  artifactKey: Guid(b56551e9e3ab84e4180b7b30c06ff232) Importer(815301076,1909f56bfc062723c751e8b465ee728b)
Start importing Assets/JMO Assets/Cartoon FX Remaster using Guid(b56551e9e3ab84e4180b7b30c06ff232) Importer(815301076,1909f56bfc062723c751e8b465ee728b)  -> (artifact id: '00000000000000000000000000000000') in 0.000283 seconds
Import Error Code:(4)
Message: Build asset version error: assets/jmo assets/cartoon fx remaster.meta in SourceAssetDB has modification time of '2024-09-18T11:38:41Z' while content on disk has modification time of '2024-11-25T06:32:09Z'
  ERROR: Build asset version error: assets/jmo assets/cartoon fx remaster.meta in SourceAssetDB has modification time of '2024-09-18T11:38:41Z' while content on disk has modification time of '2024-11-25T06:32:09Z'
Number of updated asset objects reloaded before import = 0
Number of asset objects unloaded after import = 0
========================================================================
Received Prepare
Script is not up to date after domain reload: guid(fb3c79e3c4c6f464bbec797ac18f4ade) path("Assets/Scripts/prtScript/MoveForward.cs") state(2)
Begin MonoManager ReloadAssembly
Thread 0x17f947000 may have been prematurely finalized
- Loaded All Assemblies, in  0.453 seconds
Refreshing native plugins compatible for Editor in 0.71 ms, found 2 plugins.
Native extension for OSXStandalone target not found
[Package Manager] Server::EnsureServerProcessIsRunning -- launch failed, reason: Unity was launched with the -noUpm command-line argument
[Package Manager] UpmClient::Send -- Unable to send message (not connected to UPM process).
[Package Manager] Cannot connect to Unity Package Manager local server
Mono: successfully reloaded assembly
- Finished resetting the current domain, in  0.889 seconds
Domain Reload Profiling: 1342ms
	BeginReloadAssembly (134ms)
		ExecutionOrderSort (0ms)
		DisableScriptedObjects (3ms)
		BackupInstance (0ms)
		ReleaseScriptingObjects (0ms)
		CreateAndSetChildDomain (42ms)
	RebuildCommonClasses (42ms)
	RebuildNativeTypeToScriptingClass (9ms)
	initialDomainReloadingComplete (18ms)
	LoadAllAssembliesAndSetupDomain (250ms)
		LoadAssemblies (288ms)
		RebuildTransferFunctionScriptingTraits (0ms)
		AnalyzeDomain (24ms)
			TypeCache.Refresh (9ms)
				TypeCache.ScanAssembly (0ms)
			ScanForSourceGeneratedMonoScriptInfo (9ms)
			ResolveRequiredComponents (5ms)
	FinalizeReload (889ms)
		ReleaseScriptCaches (0ms)
		RebuildScriptCaches (0ms)
		SetupLoadedEditorAssemblies (257ms)
			LogAssemblyErrors (0ms)
			InitializePlatformSupportModulesInManaged (2ms)
			SetLoadedEditorAssemblies (2ms)
			RefreshPlugins (0ms)
			BeforeProcessingInitializeOnLoad (33ms)
			ProcessInitializeOnLoadAttributes (207ms)
			ProcessInitializeOnLoadMethodAttributes (12ms)
			AfterProcessingInitializeOnLoad (1ms)
			EditorAssembliesLoaded (0ms)
		ExecutionOrderSort2 (0ms)
		AwakeInstancesAfterBackupRestoration (2ms)
Script is not up to date after domain reload: guid(fb3c79e3c4c6f464bbec797ac18f4ade) path("Assets/Scripts/prtScript/MoveForward.cs") state(2)
Refreshing native plugins compatible for Editor in 1.62 ms, found 2 plugins.
Preloading 0 native plugins for Editor in 0.00 ms.
Unloading 3173 Unused Serialized files (Serialized files now loaded: 0)
Unloading 23 unused Assets / (31.1 KB). Loaded Objects now: 3666.
Memory consumption went from 149.1 MB to 149.1 MB.
Total: 3.232958 ms (FindLiveObjects: 0.138584 ms CreateObjectMapping: 0.041708 ms MarkObjects: 2.834000 ms  DeleteObjects: 0.217958 ms)

Prepare: number of updated asset objects reloaded= 0
AssetImportParameters requested are different than current active one (requested -> active):
  custom:container-demuxer-ogg: 62fdf1f143b41e24485cea50d1cbac27 -> 
  custom:video-decoder-ogg-theora: a1e56fd34408186e4bbccfd4996cb3dc -> 
  custom:CustomObjectIndexerAttribute: 756ad292c208cfabdd7b50bc23989ffe -> 
  custom:container-demuxer-webm: 4f35f7cbe854078d1ac9338744f61a02 -> 
  custom:scripting/monoscript/fileName/SendObjTransform.cs: 0e3fca235329c1639c1d4006ae86f779 -> 755829f68de3015b5bbd93b1b2d986b0
  custom:scripting/monoscript/fileName/Moveback.cs: 32cdd30752d9595104bae9fb3cd8024d -> a8e064667b9d69938f09f73e18f9b3d7
  custom:container-muxer-webm: aa71ff27fc2769a1b78a27578f13a17b -> 
  custom:video-decoder-webm-vp8: 9c59270c3fd7afecdb556c50c9e8de78 -> 
  custom:SearchIndexIgnoredProperties: e643bd26f0fe6173181afceb89e7c659 -> 
  custom:AudioImporter_EditorPlatform: 3918e3fc78b5a79bad01e8451be0beb8 -> 
  custom:framework-osx-AVFoundation: e770b220cccbd017edd2c1fefb359320 -> 
  custom:video-encoder-webm-vp8: eb34c28f22e8b96e1ab97ce403110664 -> 
  custom:audio-decoder-ogg-vorbis: bf7c407c2cedff20999df2af8eb42d56 -> 
  custom:audio-encoder-webm-vorbis: bf7c407c2cedff20999df2af8eb42d56 -> 
  custom:scripting/monoscript/fileName/MoveForward1.cs: c0d302b573511429c779f088cab64752 -> 1d74dd741be42055723f9f7d3dece7ed
========================================================================
Received Import Request.
  Time since last request: 51.864845 seconds.
  path: 
  artifactKey: Guid(cd99dab27e9b3454a8511ea7ec15883f) Importer(815301076,1909f56bfc062723c751e8b465ee728b)
Start importing  using Guid(cd99dab27e9b3454a8511ea7ec15883f) Importer(815301076,1909f56bfc062723c751e8b465ee728b)  -> (artifact id: '00000000000000000000000000000000') in 0.000016 seconds
Import Error Code:(3)
Message: Unknown asset with GUID 'cd99dab27e9b3454a8511ea7ec15883f'
  ERROR: Unknown asset with GUID 'cd99dab27e9b3454a8511ea7ec15883f'
Number of updated asset objects reloaded before import = 0
Number of asset objects unloaded after import = 0
========================================================================
Received Prepare
Script is not up to date after domain reload: guid(fb3c79e3c4c6f464bbec797ac18f4ade) path("Assets/Scripts/prtScript/MoveForward.cs") state(2)
Begin MonoManager ReloadAssembly
Thread 0x16bbd3000 may have been prematurely finalized
- Loaded All Assemblies, in  0.456 seconds
Refreshing native plugins compatible for Editor in 0.87 ms, found 2 plugins.
Native extension for OSXStandalone target not found
[Package Manager] Server::EnsureServerProcessIsRunning -- launch failed, reason: Unity was launched with the -noUpm command-line argument
[Package Manager] UpmClient::Send -- Unable to send message (not connected to UPM process).
[Package Manager] Cannot connect to Unity Package Manager local server
Mono: successfully reloaded assembly
- Finished resetting the current domain, in  0.967 seconds
Domain Reload Profiling: 1423ms
	BeginReloadAssembly (152ms)
		ExecutionOrderSort (0ms)
		DisableScriptedObjects (4ms)
		BackupInstance (0ms)
		ReleaseScriptingObjects (0ms)
		CreateAndSetChildDomain (57ms)
	RebuildCommonClasses (29ms)
	RebuildNativeTypeToScriptingClass (9ms)
	initialDomainReloadingComplete (18ms)
	LoadAllAssembliesAndSetupDomain (248ms)
		LoadAssemblies (297ms)
		RebuildTransferFunctionScriptingTraits (0ms)
		AnalyzeDomain (15ms)
			TypeCache.Refresh (9ms)
				TypeCache.ScanAssembly (0ms)
			ScanForSourceGeneratedMonoScriptInfo (0ms)
			ResolveRequiredComponents (4ms)
	FinalizeReload (967ms)
		ReleaseScriptCaches (0ms)
		RebuildScriptCaches (0ms)
		SetupLoadedEditorAssemblies (294ms)
			LogAssemblyErrors (0ms)
			InitializePlatformSupportModulesInManaged (2ms)
			SetLoadedEditorAssemblies (2ms)
			RefreshPlugins (0ms)
			BeforeProcessingInitializeOnLoad (31ms)
			ProcessInitializeOnLoadAttributes (246ms)
			ProcessInitializeOnLoadMethodAttributes (13ms)
			AfterProcessingInitializeOnLoad (1ms)
			EditorAssembliesLoaded (0ms)
		ExecutionOrderSort2 (0ms)
		AwakeInstancesAfterBackupRestoration (2ms)
Script is not up to date after domain reload: guid(fb3c79e3c4c6f464bbec797ac18f4ade) path("Assets/Scripts/prtScript/MoveForward.cs") state(2)
Refreshing native plugins compatible for Editor in 2.71 ms, found 2 plugins.
Preloading 0 native plugins for Editor in 0.00 ms.
Unloading 3173 Unused Serialized files (Serialized files now loaded: 0)
Unloading 23 unused Assets / (31.1 KB). Loaded Objects now: 3669.
Memory consumption went from 156.5 MB to 156.5 MB.
Total: 3.232166 ms (FindLiveObjects: 0.142541 ms CreateObjectMapping: 0.039958 ms MarkObjects: 2.921209 ms  DeleteObjects: 0.127666 ms)

Prepare: number of updated asset objects reloaded= 0
AssetImportParameters requested are different than current active one (requested -> active):
  custom:container-demuxer-ogg: 62fdf1f143b41e24485cea50d1cbac27 -> 
  custom:video-decoder-ogg-theora: a1e56fd34408186e4bbccfd4996cb3dc -> 
  custom:CustomObjectIndexerAttribute: 756ad292c208cfabdd7b50bc23989ffe -> 
  custom:container-demuxer-webm: 4f35f7cbe854078d1ac9338744f61a02 -> 
  custom:scripting/monoscript/fileName/SendObjTransform.cs: 0e3fca235329c1639c1d4006ae86f779 -> 755829f68de3015b5bbd93b1b2d986b0
  custom:scripting/monoscript/fileName/Moveback.cs: 32cdd30752d9595104bae9fb3cd8024d -> a8e064667b9d69938f09f73e18f9b3d7
  custom:container-muxer-webm: aa71ff27fc2769a1b78a27578f13a17b -> 
  custom:video-decoder-webm-vp8: 9c59270c3fd7afecdb556c50c9e8de78 -> 
  custom:SearchIndexIgnoredProperties: e643bd26f0fe6173181afceb89e7c659 -> 
  custom:AudioImporter_EditorPlatform: 3918e3fc78b5a79bad01e8451be0beb8 -> 
  custom:framework-osx-AVFoundation: e770b220cccbd017edd2c1fefb359320 -> 
  custom:video-encoder-webm-vp8: eb34c28f22e8b96e1ab97ce403110664 -> 
  custom:audio-decoder-ogg-vorbis: bf7c407c2cedff20999df2af8eb42d56 -> 
  custom:audio-encoder-webm-vorbis: bf7c407c2cedff20999df2af8eb42d56 -> 
  custom:scripting/monoscript/fileName/MoveForward1.cs: c0d302b573511429c779f088cab64752 -> 1d74dd741be42055723f9f7d3dece7ed
========================================================================
Received Import Request.
  Time since last request: 13.641000 seconds.
  path: 
  artifactKey: Guid(cd99dab27e9b3454a8511ea7ec15883f) Importer(815301076,1909f56bfc062723c751e8b465ee728b)
Start importing  using Guid(cd99dab27e9b3454a8511ea7ec15883f) Importer(815301076,1909f56bfc062723c751e8b465ee728b)  -> (artifact id: '00000000000000000000000000000000') in 0.000020 seconds
Import Error Code:(3)
Message: Unknown asset with GUID 'cd99dab27e9b3454a8511ea7ec15883f'
  ERROR: Unknown asset with GUID 'cd99dab27e9b3454a8511ea7ec15883f'
Number of updated asset objects reloaded before import = 0
Number of asset objects unloaded after import = 0
